2026-02-10 11:58:46,088 - INFO - Application started successfully.
2026-02-10 12:32:00,428 - ERROR - Failed to insert user 'Alice'. Error: database is locked
2026-02-10 12:34:27,185 - ERROR - An error occurred:
Traceback (most recent call last):
  File "/tmp/ipykernel_17528/829834562.py", line 15, in <module>
    result = 10 / 0
             ~~~^~~
ZeroDivisionError: division by zero

2026-02-10 12:39:10,583 - ERROR - Failed to insert user 'Alice'. Error: database is locked
2026-02-10 12:39:55,311 - INFO - Logging message 1
2026-02-10 12:39:55,311 - INFO - Logging message 2
2026-02-10 12:39:55,311 - INFO - Logging message 3
2026-02-10 12:39:55,312 - INFO - Logging message 4
2026-02-10 12:39:55,312 - INFO - Logging message 5
2026-02-10 12:39:55,312 - INFO - Logging message 6
2026-02-10 12:39:55,312 - INFO - Logging message 7
2026-02-10 12:39:55,312 - INFO - Logging message 8
2026-02-10 12:39:55,312 - INFO - Logging message 9
2026-02-10 12:39:55,312 - INFO - Logging message 10
2026-02-10 12:39:55,313 - INFO - Logging message 11
2026-02-10 12:39:55,313 - INFO - Logging message 12
2026-02-10 12:39:55,313 - INFO - Logging message 13
2026-02-10 12:39:55,313 - INFO - Logging message 14
2026-02-10 12:39:55,313 - INFO - Logging message 15
2026-02-10 12:39:55,313 - INFO - Logging message 16
2026-02-10 12:39:55,313 - INFO - Logging message 17
2026-02-10 12:39:55,313 - INFO - Logging message 18
2026-02-10 12:39:55,313 - INFO - Logging message 19
2026-02-10 12:39:55,314 - INFO - Logging message 20
2026-02-10 12:39:55,316 - INFO - Logging message 21
2026-02-10 12:39:55,316 - INFO - Logging message 22
2026-02-10 12:39:55,316 - INFO - Logging message 23
2026-02-10 12:39:55,317 - INFO - Logging message 24
2026-02-10 12:39:55,317 - INFO - Logging message 25
2026-02-10 12:39:55,317 - INFO - Logging message 26
2026-02-10 12:39:55,317 - INFO - Logging message 27
2026-02-10 12:39:55,317 - INFO - Logging message 28
2026-02-10 12:39:55,317 - INFO - Logging message 29
2026-02-10 12:39:55,317 - INFO - Logging message 30
2026-02-10 12:39:55,317 - INFO - Logging message 31
2026-02-10 12:39:55,317 - INFO - Logging message 32
2026-02-10 12:39:55,317 - INFO - Logging message 33
2026-02-10 12:39:55,317 - INFO - Logging message 34
2026-02-10 12:39:55,317 - INFO - Logging message 35
2026-02-10 12:39:55,317 - INFO - Logging message 36
2026-02-10 12:39:55,317 - INFO - Logging message 37
2026-02-10 12:39:55,317 - INFO - Logging message 38
2026-02-10 12:39:55,317 - INFO - Logging message 39
2026-02-10 12:39:55,317 - INFO - Logging message 40
2026-02-10 12:39:55,317 - INFO - Logging message 41
2026-02-10 12:39:55,317 - INFO - Logging message 42
2026-02-10 12:39:55,317 - INFO - Logging message 43
2026-02-10 12:39:55,317 - INFO - Logging message 44
2026-02-10 12:39:55,317 - INFO - Logging message 45
2026-02-10 12:39:55,317 - INFO - Logging message 46
2026-02-10 12:39:55,317 - INFO - Logging message 47
2026-02-10 12:39:55,317 - INFO - Logging message 48
2026-02-10 12:39:55,318 - INFO - Logging message 49
2026-02-10 12:39:55,318 - INFO - Logging message 50
2026-02-10 12:39:55,318 - INFO - Logging message 51
2026-02-10 12:39:55,318 - INFO - Logging message 52
2026-02-10 12:39:55,327 - INFO - Logging message 53
2026-02-10 12:39:55,327 - INFO - Logging message 54
2026-02-10 12:39:55,327 - INFO - Logging message 55
2026-02-10 12:39:55,327 - INFO - Logging message 56
2026-02-10 12:39:55,327 - INFO - Logging message 57
2026-02-10 12:39:55,327 - INFO - Logging message 58
2026-02-10 12:39:55,327 - INFO - Logging message 59
2026-02-10 12:39:55,327 - INFO - Logging message 60
2026-02-10 12:39:55,327 - INFO - Logging message 61
2026-02-10 12:39:55,327 - INFO - Logging message 62
2026-02-10 12:39:55,327 - INFO - Logging message 63
2026-02-10 12:39:55,327 - INFO - Logging message 64
2026-02-10 12:39:55,327 - INFO - Logging message 65
2026-02-10 12:39:55,327 - INFO - Logging message 66
2026-02-10 12:39:55,327 - INFO - Logging message 67
2026-02-10 12:39:55,327 - INFO - Logging message 68
2026-02-10 12:39:55,327 - INFO - Logging message 69
2026-02-10 12:39:55,327 - INFO - Logging message 70
2026-02-10 12:39:55,328 - INFO - Logging message 71
2026-02-10 12:39:55,328 - INFO - Logging message 72
2026-02-10 12:39:55,328 - INFO - Logging message 73
2026-02-10 12:39:55,328 - INFO - Logging message 74
2026-02-10 12:39:55,328 - INFO - Logging message 75
2026-02-10 12:39:55,328 - INFO - Logging message 76
2026-02-10 12:39:55,328 - INFO - Logging message 77
2026-02-10 12:39:55,328 - INFO - Logging message 78
2026-02-10 12:39:55,328 - INFO - Logging message 79
2026-02-10 12:39:55,328 - INFO - Logging message 80
2026-02-10 12:39:55,328 - INFO - Logging message 81
2026-02-10 12:39:55,328 - INFO - Logging message 82
2026-02-10 12:39:55,328 - INFO - Logging message 83
2026-02-10 12:39:55,328 - INFO - Logging message 84
2026-02-10 12:39:55,328 - INFO - Logging message 85
2026-02-10 12:39:55,328 - INFO - Logging message 86
2026-02-10 12:39:55,328 - INFO - Logging message 87
2026-02-10 12:39:55,328 - INFO - Logging message 88
2026-02-10 12:39:55,328 - INFO - Logging message 89
2026-02-10 12:39:55,328 - INFO - Logging message 90
2026-02-10 12:39:55,328 - INFO - Logging message 91
2026-02-10 12:39:55,328 - INFO - Logging message 92
2026-02-10 12:39:55,328 - INFO - Logging message 93
2026-02-10 12:39:55,328 - INFO - Logging message 94
2026-02-10 12:39:55,328 - INFO - Logging message 95
2026-02-10 12:39:55,328 - INFO - Logging message 96
2026-02-10 12:39:55,328 - INFO - Logging message 97
2026-02-10 12:39:55,328 - INFO - Logging message 98
2026-02-10 12:39:55,328 - INFO - Logging message 99
2026-02-10 12:39:55,328 - INFO - Logging message 100
